  Lab_6.cpp
D:\Алгоритмы\Дима\Lab_6\Lab_6.cpp(3,12): warning C4326: возвращаемый тип "main" должен быть "int", а не "void"
D:\Алгоритмы\Дима\Lab_6\Lab_6.cpp(6,15): warning C4244: аргумент: преобразование "time_t" в "unsigned int", возможна потеря данных
  Source.cpp
D:\Алгоритмы\Дима\Lab_6\Source.cpp(26,21): warning C4018: <: несоответствие типов со знаком и без знака
D:\Алгоритмы\Дима\Lab_6\Source.cpp(32,21): warning C4018: <: несоответствие типов со знаком и без знака
D:\Алгоритмы\Дима\Lab_6\Source.cpp(89,20): warning C4018: <: несоответствие типов со знаком и без знака
D:\Алгоритмы\Дима\Lab_6\Source.cpp(102,14): warning C4244: return: преобразование "double" в "int", возможна потеря данных
D:\Алгоритмы\Дима\Lab_6\Source.cpp(104,13): warning C4244: return: преобразование "double" в "int", возможна потеря данных
D:\Алгоритмы\Дима\Lab_6\Source.cpp(109,20): warning C4018: <: несоответствие типов со знаком и без знака
D:\Алгоритмы\Дима\Lab_6\Source.cpp(117,20): warning C4018: <: несоответствие типов со знаком и без знака
D:\Алгоритмы\Дима\Lab_6\Source.cpp(135,20): warning C4018: <: несоответствие типов со знаком и без знака
D:\Алгоритмы\Дима\Lab_6\Source.cpp(144,20): warning C4018: <: несоответствие типов со знаком и без знака
D:\Алгоритмы\Дима\Lab_6\Source.cpp(165,20): warning C4018: <: несоответствие типов со знаком и без знака
D:\Алгоритмы\Дима\Lab_6\Source.cpp(204,13): warning C4244: return: преобразование "double" в "int", возможна потеря данных
D:\Алгоритмы\Дима\Lab_6\Source.cpp(220,8): warning C4018: <: несоответствие типов со знаком и без знака
D:\Алгоритмы\Дима\Lab_6\Source.cpp(228,20): warning C4018: <: несоответствие типов со знаком и без знака
D:\Алгоритмы\Дима\Lab_6\Source.cpp(233,21): warning C4018: <: несоответствие типов со знаком и без знака
D:\Алгоритмы\Дима\Lab_6\Source.cpp(245,13): warning C4101: var_lin: неиспользованная локальная переменная
D:\Алгоритмы\Дима\Lab_6\Source.cpp(274,13): warning C4244: return: преобразование "double" в "int", возможна потеря данных
D:\Алгоритмы\Дима\Lab_6\Source.cpp(284,20): warning C4018: <: несоответствие типов со знаком и без знака
D:\Алгоритмы\Дима\Lab_6\Source.cpp(299,20): warning C4018: <: несоответствие типов со знаком и без знака
D:\Алгоритмы\Дима\Lab_6\Source.cpp(325,20): warning C4018: <: несоответствие типов со знаком и без знака
D:\Алгоритмы\Дима\Lab_6\Source.cpp(337,20): warning C4018: <: несоответствие типов со знаком и без знака
D:\Алгоритмы\Дима\Lab_6\Source.cpp(374,20): warning C4018: <: несоответствие типов со знаком и без знака
D:\Алгоритмы\Дима\Lab_6\Source.cpp(383,13): warning C4244: return: преобразование "double" в "int", возможна потеря данных
D:\Алгоритмы\Дима\Lab_6\Source.cpp(400,20): warning C4018: <: несоответствие типов со знаком и без знака
D:\Алгоритмы\Дима\Lab_6\Source.cpp(412,20): warning C4018: <: несоответствие типов со знаком и без знака
D:\Алгоритмы\Дима\Lab_6\Source.cpp(420,20): warning C4018: <: несоответствие типов со знаком и без знака
D:\Алгоритмы\Дима\Lab_6\Source.cpp(441,20): warning C4018: <: несоответствие типов со знаком и без знака
D:\Алгоритмы\Дима\Lab_6\Source.cpp(475,20): warning C4018: <: несоответствие типов со знаком и без знака
  Создание кода...
  Lab_6.vcxproj -> D:\Алгоритмы\Дима\Lab_6\Debug\Lab_6.exe
